<?xml version="1.0" encoding="UTF-8"?>
<testng-results ignored="0" total="1" passed="1" failed="0" skipped="0">
  <reporter-output>
  </reporter-output>
  <suite started-at="2021-09-14T12:41:57 IST" name="Default suite" finished-at="2021-09-14T12:42:01 IST" duration-ms="3537">
    <groups>
    </groups>
    <test started-at="2021-09-14T12:41:57 IST" name="Default test" finished-at="2021-09-14T12:42:01 IST" duration-ms="3537">
      <class name="com.hybrid.interview.BootstrapDropDown">
        <test-method signature="selectDropdown()[pri:0, instance:com.hybrid.interview.BootstrapDropDown@7957dc72]" started-at="2021-09-14T12:41:57 IST" name="selectDropdown" finished-at="2021-09-14T12:42:01 IST" duration-ms="3458" status="PASS">
          <reporter-output>
          </reporter-output>
        </test-method> <!-- selectDropdown -->
      </class> <!-- com.hybrid.interview.BootstrapDropDown -->
    </test> <!-- Default test -->
  </suite> <!-- Default suite -->
</testng-results>
